<?xml version="1.0" encoding="UTF-8"?>
<coverage generated="1695317226613" clover="3.2.0">
  <project timestamp="1695317226613" name="All files">
    <metrics statements="70" coveredstatements="70" conditionals="17" coveredconditionals="17" methods="10" coveredmethods="10" elements="97" coveredelements="97" complexity="0" loc="70" ncloc="70" packages="4" files="4" classes="4"/>
    <package name="src">
      <metrics statements="19" coveredstatements="19" conditionals="3" coveredconditionals="3" methods="2" coveredmethods="2"/>
      <file name="App.jsx" path="D:\learning\testing\vite_react_js-testing\src\App.jsx">
        <metrics statements="19" coveredstatements="19" conditionals="3" coveredconditionals="3" methods="2" coveredmethods="2"/>
        <line num="1" count="1" type="stmt"/>
        <line num="2" count="1" type="stmt"/>
        <line num="3" count="6" type="cond" truecount="1" falsecount="0"/>
        <line num="4" count="6" type="stmt"/>
        <line num="5" count="6" type="cond" truecount="1" falsecount="0"/>
        <line num="6" count="1" type="cond" truecount="1" falsecount="0"/>
        <line num="7" count="1" type="stmt"/>
        <line num="8" count="6" type="stmt"/>
        <line num="9" count="6" type="stmt"/>
        <line num="10" count="6" type="stmt"/>
        <line num="11" count="6" type="stmt"/>
        <line num="12" count="6" type="stmt"/>
        <line num="13" count="6" type="stmt"/>
        <line num="14" count="6" type="stmt"/>
        <line num="15" count="6" type="stmt"/>
        <line num="16" count="6" type="stmt"/>
        <line num="17" count="6" type="stmt"/>
        <line num="18" count="1" type="stmt"/>
        <line num="19" count="1" type="stmt"/>
      </file>
    </package>
    <package name="src.components">
      <metrics statements="6" coveredstatements="6" conditionals="1" coveredconditionals="1" methods="1" coveredmethods="1"/>
      <file name="Button.jsx" path="D:\learning\testing\vite_react_js-testing\src\components\Button.jsx">
        <metrics statements="6" coveredstatements="6" conditionals="1" coveredconditionals="1" methods="1" coveredmethods="1"/>
        <line num="1" count="1" type="stmt"/>
        <line num="2" count="1" type="cond" truecount="1" falsecount="0"/>
        <line num="3" count="1" type="stmt"/>
        <line num="4" count="1" type="stmt"/>
        <line num="5" count="1" type="stmt"/>
        <line num="6" count="1" type="stmt"/>
      </file>
    </package>
    <package name="src.hooks">
      <metrics statements="15" coveredstatements="15" conditionals="5" coveredconditionals="5" methods="3" coveredmethods="3"/>
      <file name="useCounter.js" path="D:\learning\testing\vite_react_js-testing\src\hooks\useCounter.js">
        <metrics statements="15" coveredstatements="15" conditionals="5" coveredconditionals="5" methods="3" coveredmethods="3"/>
        <line num="1" count="1" type="stmt"/>
        <line num="2" count="1" type="stmt"/>
        <line num="3" count="1" type="cond" truecount="1" falsecount="0"/>
        <line num="4" count="6" type="stmt"/>
        <line num="5" count="6" type="stmt"/>
        <line num="6" count="6" type="cond" truecount="1" falsecount="0"/>
        <line num="7" count="1" type="cond" truecount="1" falsecount="0"/>
        <line num="8" count="6" type="stmt"/>
        <line num="9" count="6" type="stmt"/>
        <line num="10" count="6" type="cond" truecount="1" falsecount="0"/>
        <line num="11" count="1" type="cond" truecount="1" falsecount="0"/>
        <line num="12" count="6" type="stmt"/>
        <line num="13" count="6" type="stmt"/>
        <line num="14" count="6" type="stmt"/>
        <line num="15" count="6" type="stmt"/>
      </file>
    </package>
    <package name="src.utils">
      <metrics statements="30" coveredstatements="30" conditionals="8" coveredconditionals="8" methods="4" coveredmethods="4"/>
      <file name="helper.js" path="D:\learning\testing\vite_react_js-testing\src\utils\helper.js">
        <metrics statements="30" coveredstatements="30" conditionals="8" coveredconditionals="8" methods="4" coveredmethods="4"/>
        <line num="1" count="1" type="stmt"/>
        <line num="2" count="1" type="stmt"/>
        <line num="3" count="1" type="cond" truecount="1" falsecount="0"/>
        <line num="4" count="3" type="cond" truecount="2" falsecount="0"/>
        <line num="5" count="1" type="cond" truecount="1" falsecount="0"/>
        <line num="6" count="1" type="stmt"/>
        <line num="7" count="1" type="stmt"/>
        <line num="8" count="1" type="cond" truecount="1" falsecount="0"/>
        <line num="9" count="1" type="stmt"/>
        <line num="10" count="1" type="stmt"/>
        <line num="11" count="1" type="stmt"/>
        <line num="12" count="1" type="stmt"/>
        <line num="13" count="1" type="stmt"/>
        <line num="14" count="1" type="stmt"/>
        <line num="15" count="1" type="stmt"/>
        <line num="16" count="1" type="stmt"/>
        <line num="17" count="1" type="stmt"/>
        <line num="18" count="1" type="stmt"/>
        <line num="19" count="1" type="stmt"/>
        <line num="20" count="1" type="stmt"/>
        <line num="21" count="1" type="stmt"/>
        <line num="22" count="1" type="cond" truecount="1" falsecount="0"/>
        <line num="23" count="1" type="stmt"/>
        <line num="24" count="1" type="stmt"/>
        <line num="25" count="1" type="stmt"/>
        <line num="26" count="1" type="stmt"/>
        <line num="27" count="1" type="cond" truecount="1" falsecount="0"/>
        <line num="28" count="2" type="cond" truecount="1" falsecount="0"/>
        <line num="29" count="1" type="stmt"/>
        <line num="30" count="1" type="stmt"/>
      </file>
    </package>
  </project>
</coverage>
